\BOOKMARK [1][-]{section.1}{Introduction}{}% 1
\BOOKMARK [1][-]{section.2}{CPT-value}{}% 2
\BOOKMARK [2][-]{subsection.2.1}{General definition}{section.2}% 3
\BOOKMARK [2][-]{subsection.2.2}{Application: Stochastic Shortest Path}{section.2}% 4
\BOOKMARK [1][-]{section.3}{CPT-value estimation}{}% 5
\BOOKMARK [2][-]{subsection.3.1}{Estimation scheme for H\366lder continuous weights}{section.3}% 6
\BOOKMARK [2][-]{subsection.3.2}{Estimation scheme for locally Lipschitz weights and discrete X}{section.3}% 7
\BOOKMARK [1][-]{section.4}{Gradient-based algorithm for CPT optimization \(CPT-SPSA\)}{}% 8
\BOOKMARK [2][-]{subsection.4.1}{Gradient estimation}{section.4}% 9
\BOOKMARK [2][-]{subsection.4.2}{Update rule}{section.4}% 10
\BOOKMARK [2][-]{subsection.4.3}{Convergence result}{section.4}% 11
\BOOKMARK [1][-]{section.5}{Newton algorithm for CPT-value optimization \(CPT-SPSA-N\)}{}% 12
\BOOKMARK [2][-]{subsection.5.1}{Need for second-order methods}{section.5}% 13
\BOOKMARK [2][-]{subsection.5.2}{Gradient and Hessian estimation}{section.5}% 14
\BOOKMARK [2][-]{subsection.5.3}{Update rule}{section.5}% 15
\BOOKMARK [2][-]{subsection.5.4}{Convergence result}{section.5}% 16
\BOOKMARK [1][-]{section.6}{Gradient-free CPT-value optimization algorithm \(GF-CPT\)}{}% 17
\BOOKMARK [2][-]{subsection.6.1}{Basic algorithm}{section.6}% 18
\BOOKMARK [2][-]{subsection.6.2}{Convergence result}{section.6}% 19
\BOOKMARK [1][-]{section.7}{Convergence Proofs}{}% 20
\BOOKMARK [2][-]{subsection.7.1}{Proofs for CPT-value estimator}{section.7}% 21
\BOOKMARK [3][-]{subsubsection.7.1.1}{H\366lder continuous weights}{subsection.7.1}% 22
\BOOKMARK [3][-]{subsubsection.7.1.2}{Proofs for discrete valued X}{subsection.7.1}% 23
\BOOKMARK [2][-]{subsection.7.2}{Proofs for CPT-SPSA-G}{section.7}% 24
\BOOKMARK [2][-]{subsection.7.3}{Proofs for CPT-SPSA-N}{section.7}% 25
\BOOKMARK [2][-]{subsection.7.4}{Proofs for gradient-free policy optimization algorithm}{section.7}% 26
\BOOKMARK [1][-]{section.8}{Simulation Experiments}{}% 27
\BOOKMARK [2][-]{subsection.8.1}{Simulation Setup}{section.8}% 28
\BOOKMARK [2][-]{subsection.8.2}{Results}{section.8}% 29
\BOOKMARK [1][-]{section.9}{Conclusions and Future Work}{}% 30
